<?xml version="1.0" encoding="UTF-8"?>
<testng-results skipped="0" failed="0" ignored="0" total="1" passed="1">
  <reporter-output>
  </reporter-output>
  <suite name="Suite" duration-ms="1597" started-at="2021-12-13T06:38:14Z" finished-at="2021-12-13T06:38:16Z">
    <groups>
    </groups>
    <test name="Test" duration-ms="1597" started-at="2021-12-13T06:38:14Z" finished-at="2021-12-13T06:38:16Z">
      <class name="test.LoginPageTest">
        <test-method status="PASS" signature="ReportSetup()[pri:0, instance:test.LoginPageTest@1d371b2d]" name="ReportSetup" is-config="true" duration-ms="107" started-at="2021-12-13T06:38:14Z" finished-at="2021-12-13T06:38:14Z">
          <reporter-output>
          </reporter-output>
        </test-method> <!-- ReportSetup -->
        <test-method status="PASS" signature="setup()[pri:0, instance:test.LoginPageTest@1d371b2d]" name="setup" is-config="true" duration-ms="906" started-at="2021-12-13T06:38:14Z" finished-at="2021-12-13T06:38:15Z">
          <reporter-output>
          </reporter-output>
        </test-method> <!-- setup -->
        <test-method status="PASS" signature="Login(java.lang.String, java.lang.String)[pri:0, instance:test.LoginPageTest@1d371b2d]" name="Login" duration-ms="500" started-at="2021-12-13T06:38:15Z" finished-at="2021-12-13T06:38:16Z">
          <params>
            <param index="0">
              <value>
                <![CDATA[robert@gmail.com]]>
              </value>
            </param>
            <param index="1">
              <value>
                <![CDATA[safe@123]]>
              </value>
            </param>
          </params>
          <reporter-output>
          </reporter-output>
        </test-method> <!-- Login -->
        <test-method status="PASS" signature="teardown()[pri:0, instance:test.LoginPageTest@1d371b2d]" name="teardown" is-config="true" duration-ms="67" started-at="2021-12-13T06:38:16Z" finished-at="2021-12-13T06:38:16Z">
          <reporter-output>
          </reporter-output>
        </test-method> <!-- teardown -->
      </class> <!-- test.LoginPageTest -->
    </test> <!-- Test -->
  </suite> <!-- Suite -->
</testng-results>
